 Download the React DevTools for a better development experience: https://reactjs.org/link/react-devtoolsYou might need to use a local HTTP server (instead of file://): https://reactjs.org/link/react-devtools-faq
 Environment: prod
 appId: net.cozic.joplin-desktop
 appType: desktop
 20:01:26: App: Profile directory: /home/admin/.config/joplin-desktop
 20:01:26: App: Root profile directory: /home/admin/.config/joplin-desktop
 20:01:26: Database was open successfully
 20:01:26: Checking for database schema update...
 20:01:26: Current database version Object
 20:01:26: Upgrading database from version 49
 20:01:26: New version: 49. Previously recorded version: 49
 20:01:26: KeychainServiceDriver.electron: KeychainService Linux backend:  kwallet6
 20:01:26: KeychainService: Driver unsupported:node-keytar
 20:01:26: KeychainService: checking if keychain supported
 20:01:26: KeychainService: check was already done - skipping. Supported: 1
 20:01:26: handleSyncStartupOperation: Processing operation: 0
 20:01:26: App: Client ID: e68cdd2dfae84b33b00a6ee7c64b2fc7
 20:01:26: models/Setting: Applying default migrations...
 20:01:26: e2ee/utils: activeMasterKeySanityCheck: Active key is an enabled key - nothing to do
 20:01:26: e2ee/utils: Trying to load 1 master keys...
 20:01:26: EncryptionService: Loading master key: 7c73b574be284280a92cd87cda0b6883. Make active: true
 20:01:26: e2ee/utils: findMasterKeyPassword: Using master password
 20:01:26: e2ee/utils: Loaded master keys: 1
 20:01:26: ResourceFetcher: Auto-add resources: Mode: always
 20:01:26: permanentlyDeleteOldData: Processing items older than 7776000000ms...
 20:01:26: ResourceFetcher: Auto-added resources: 0
 20:01:26: permanentlyDeleteOldData: Items to permanently delete: Object
 20:01:26: checkDisabledSyncItemsNotification: No errors: Hiding notification
 20:01:26: App: "syncInfoCache" was changed - setting up encryption related code
 20:01:26: e2ee/utils: activeMasterKeySanityCheck: Active key is an enabled key - nothing to do
 20:01:26: e2ee/utils: Trying to load 1 master keys...
 20:01:26: e2ee/utils: Loaded master keys: 1
 20:01:26: App: "syncInfoCache" was changed - setting up encryption related code
 20:01:26: e2ee/utils: activeMasterKeySanityCheck: Active key is an enabled key - nothing to do
 20:01:26: e2ee/utils: Trying to load 1 master keys...
 20:01:26: e2ee/utils: Loaded master keys: 1
 20:01:26: App: "syncInfoCache" was changed - setting up encryption related code
 20:01:26: e2ee/utils: activeMasterKeySanityCheck: Active key is an enabled key - nothing to do
 20:01:26: e2ee/utils: Trying to load 1 master keys...
 20:01:26: e2ee/utils: Loaded master keys: 1
 20:01:26: app.start: doing regular boot
 20:01:26: App: Setting up auto-updater service...
 20:01:26: OcrService: Starting background service...
 20:01:26: Performance: app/dispatch initial settings: End at 1.14s (took [ 0.51s ])
 20:01:26: App: "syncInfoCache" was changed - setting up encryption related code
 20:01:26: e2ee/utils: activeMasterKeySanityCheck: Active key is an enabled key - nothing to do
 20:01:26: e2ee/utils: Trying to load 1 master keys...
 20:01:26: e2ee/utils: Loaded master keys: 1
 20:01:26: App: "syncInfoCache" was changed - setting up encryption related code
 20:01:26: e2ee/utils: activeMasterKeySanityCheck: Active key is an enabled key - nothing to do
 20:01:26: e2ee/utils: Trying to load 1 master keys...
 20:01:26: e2ee/utils: Loaded master keys: 1
 20:01:26: App: "syncInfoCache" was changed - setting up encryption related code
Logger.ts:317 20:01:26: e2ee/utils: activeMasterKeySanityCheck: Active key is an enabled key - nothing to do
Logger.ts:317 20:01:26: e2ee/utils: Trying to load 1 master keys...
Logger.ts:317 20:01:26: e2ee/utils: Loaded master keys: 1
Logger.ts:317 20:01:26: OcrService: Found 0 resources to process...
Logger.ts:317 20:01:26: RevisionService: runInBackground: Starting background service with revision collection interval 600000
Logger.ts:317 20:01:26: Starting Clipper server on port 41184
Logger.ts:317 20:01:26: PluginService: Loading plugin from /home/admin/.config/joplin-desktop/cache/com.asciidoc.joplin-plugin
Logger.ts:317 20:01:26: PluginService: Loading plugin from /home/admin/.config/joplin-desktop/cache/com.whatever.quick-links
Logger.ts:317 20:01:26: PluginService: Loading plugin from /home/admin/.config/joplin-desktop/cache/io.github.jackgruber.combine-notes
Logger.ts:317 20:01:26: PluginService: Loading plugin from /home/admin/.config/joplin-desktop/cache/net.rmusin.joplin-table-formatter
Logger.ts:317 20:01:26: PluginService: Loading plugin from /home/admin/.config/joplin-desktop/cache/plugin.calebjohn.rich-markdown
Logger.ts:317 20:01:26: joplin.plugins: Starting plugin: com.asciidoc.joplin-plugin
Logger.ts:317 20:01:26: joplin.plugins: Starting plugin: com.whatever.quick-links
Logger.ts:317 20:01:27: joplin.plugins: Finished running onStart handler: com.whatever.quick-links (Took 20ms)
Logger.ts:317 20:01:27: joplin.plugins: Starting plugin: io.github.jackgruber.combine-notes
Logger.ts:317 20:01:27: joplin.plugins: Starting plugin: net.rmusin.joplin-table-formatter
Logger.ts:317 20:01:27: joplin.plugins: Finished running onStart handler: net.rmusin.joplin-table-formatter (Took 2ms)
Logger.ts:317 20:01:27: joplin.plugins: Finished running onStart handler: com.asciidoc.joplin-plugin (Took 62ms)
Logger.ts:317 20:01:27: PluginService: Loading plugin from /home/admin/.config/joplin-desktop/cache/io.github.jackgruber.backup
Logger.ts:317 20:01:27: joplin.plugins: Finished running onStart handler: io.github.jackgruber.combine-notes (Took 46ms)
Logger.ts:317 20:01:27: PluginService: Loading plugin from /home/admin/.config/joplin-desktop/cache/io.github.personalizedrefrigerator.js-draw
Logger.ts:317 20:01:27: Performance: app/initPluginService: End at 1.42s (took 247.8ms)
Logger.ts:317 20:01:27: SpellCheckerServiceDriverNative: Set effective languages to "en-US"
Logger.ts:317 20:01:27: Performance: app/start: End at 1.43s (took [ 0.86s ])
Logger.ts:317 20:01:27: Performance: main: End at 1.53s (took [ 0.97s ])
Logger.ts:317 20:01:27: joplin.plugins: Starting plugin: plugin.calebjohn.rich-markdown
Logger.ts:317 20:01:27: joplin.plugins: Starting plugin: io.github.jackgruber.backup
Logger.ts:317 20:01:27: joplin.plugins: Starting plugin: io.github.personalizedrefrigerator.js-draw
TinyMCE.tsx:386 Loading script /usr/lib/joplin-desktop/app.asar/vendor/lib/tinymce/tinymce.min.js
loadScript.ts:15 Loading script: Object
Logger.ts:317 20:01:27: DecryptionWorker: starting decryption...
TinyMCE.tsx:386 Loading script gui/NoteEditor/NoteBody/TinyMCE/plugins/lists.js
loadScript.ts:15 Loading script: Object
Logger.ts:317 20:01:27: useFormNote: Sync has finished and note has never been changed - reloading it
Logger.ts:317 20:01:27: Performance: DecryptionWorker/decryptItems: End at 1.78s (took 121.4ms)
Logger.ts:317 20:01:27: DecryptionWorker: completed decryption.
Logger.ts:317 20:01:27: Performance: DecryptionWorker/start: End at 1.84s (took 189.2ms)
Logger.ts:317 20:01:27: Preparing scheduled sync
Logger.ts:317 20:01:27: joplin.plugins: Finished running onStart handler: io.github.personalizedrefrigerator.js-draw (Took 573ms)
useMessageHandler.ts:30 Got ipc-message: noteRenderComplete null
Logger.ts:317 20:01:28: joplin.plugins: Finished running onStart handler: plugin.calebjohn.rich-markdown (Took 721ms)
Logger.ts:317 20:01:28: OcrService: 0 resources have been processed.
Logger.ts:317 20:01:28: ShareService: Refresh share invitations:
Logger.ts:317 20:01:28: joplin.plugins: Finished running onStart handler: io.github.jackgruber.backup (Took 834ms)
Logger.ts:317 20:01:28: Starting scheduled sync
Logger.ts:317 20:01:28: Synchronizer: Sync: starting: Starting synchronisation to target 10... supportsAccurateTimestamp = true; supportsMultiPut = true} [1775264488277]
Logger.ts:317 20:01:28: Synchronizer: Indexing resources...
Logger.ts:317 20:01:28: ResourceService::indexNoteResources: Start
Logger.ts:317 20:01:28: Performance: ResourceService/indexNoteResources: End at 2.69s (took 101.4ms)
Logger.ts:317 20:01:28: ResourceService::indexNoteResources: Completed
Logger.ts:317 20:01:28: ShareService: Refreshed shares: Object
Logger.ts:317 20:01:28: Performance: ShareService/maintenance: End at 2.75s (took [[ 1.59s ]])
Logger.ts:317 20:01:28: ShareService: Refresh share invitations:
Logger.ts:317 20:01:28: ShareService: Refreshed shares: Object
Logger.ts:317 20:01:28: Performance: ShareService/maintenance: End at 3.31s (took [ 0.62s ])
Logger.ts:317 20:01:29: EditorPluginHandler: emitActivationCheck: responses: Object
useHtmlLoader.ts:32 useHtmlLoader: isReady false
Logger.ts:317 20:01:29: EditorPluginHandler: emitUpdate: plugin-view-com.asciidoc.joplin-plugin-asciidoc-editor-default
Logger.ts:317 20:01:29: PostMessageService: Cannot receive message because no viewMessageHandler was found Object
log @ Logger.ts:317
Logger.ts:317 20:01:29: Synchronizer: Sync target remote info: Object
Logger.ts:317 20:01:29: Synchronizer: Sync target is already setup - checking it...
Logger.ts:317 20:01:29: Synchronizer: Sync target local info: Object
Logger.ts:317 20:01:29: userFetcher: Got user: Object
Logger.ts:317 20:01:30: Synchronizer: supportsDeltaWithItems =  false
Logger.ts:317 20:01:30: Synchronizer: Sync: fetchingTotal: Fetching delta items from sync target
Logger.ts:317 20:01:30: Synchronizer: Sync: finished: Synchronisation finished [1775264488277]
Logger.ts:317 20:01:30: Synchronizer: Operations completed: 
Logger.ts:317 20:01:30: Synchronizer: fetchingTotal: -
Logger.ts:317 20:01:30: Synchronizer: Total folders: 71
Logger.ts:317 20:01:30: Synchronizer: Total notes: 288
Logger.ts:317 20:01:30: Synchronizer: Total resources: 2009
Logger.ts:317 20:01:30: checkDisabledSyncItemsNotification: No errors: Hiding notification
Logger.ts:317 20:01:30: Updating all notifications...
Logger.ts:317 20:01:30: Garbage collecting alarms...
Logger.ts:317 20:01:30: RevisionService: maintenance: Starting...
Logger.ts:317 20:01:30: RevisionService: maintenance: Service is enabled
Logger.ts:317 20:01:30: RevisionService: collectRevisions: Created revisions for 0 notes
Logger.ts:317 20:01:30: RevisionService: maintenance: Done in 102ms
Logger.ts:317 20:01:31: DecryptionWorker: starting decryption...
Logger.ts:317 20:01:31: DecryptionWorker: completed decryption.
Logger.ts:317 20:01:36: SearchEngine: Updating FTS table...
Logger.ts:317 20:01:36: Updating items_normalized from Object
Logger.ts:317 20:01:36: SearchEngine: Updated FTS table in 2ms. Inserted: 0. Deleted: 0
Logger.ts:317 20:01:36: Performance: SearchEngine/syncTables: End at 10.73s (took 103ms)
Logger.ts:317 20:01:56: ResourceService::indexNoteResources: Start
Logger.ts:317 20:01:56: Performance: ResourceService/indexNoteResources: End at 31.26s (took 101.5ms)
Logger.ts:317 20:01:56: ResourceService::indexNoteResources: Completed
Logger.ts:317 20:01:56: ResourceService::deleteOrphanResources:
Logger.ts:317 20:02:06: SearchEngine: Updating FTS table...
Logger.ts:317 20:02:07: Updating items_normalized from Object
Logger.ts:317 20:02:07: SearchEngine: Updated FTS table in 2ms. Inserted: 0. Deleted: 0
Logger.ts:317 20:02:07: Performance: SearchEngine/syncTables: End at 41.38s (took 103.3ms)
useHtmlLoader.ts:19 useHtmlLoader: message Object
useHtmlLoader.ts:19 useHtmlLoader: message Object
useHtmlLoader.ts:32 useHtmlLoader: isReady true
useHtmlLoader.ts:37 useHtmlLoader: setHtml 02733cbc207541dac913ea23baa54876
useHtmlLoader.ts:19 useHtmlLoader: message Object
useHtmlLoader.ts:19 useHtmlLoader: message Object
useHtmlLoader.ts:19 useHtmlLoader: message Object
useHtmlLoader.ts:19 useHtmlLoader: message Object
useHtmlLoader.ts:19 useHtmlLoader: message Object
panel.js:2 Uncaught ReferenceError: cursorLine is not defined
    at Nt (panel.js:2:1844572)
    at V.update [as updateF] (panel.js:2:1852976)
    at Object.update (panel.js:2:2860302)
    at Te.computeSlot (panel.js:2:2868623)
    at ne (panel.js:2:2863117)
    at new Te (panel.js:2:2867823)
    at Te.applyTransaction (panel.js:2:2868592)
    at get state (panel.js:2:2864583)
    at bi.update (panel.js:2:3021000)
    at bi.dispatchTransactions (panel.js:2:3019704)
panel.js:2 Uncaught ReferenceError: cursorLine is not defined
    at Nt (panel.js:2:1844572)
    at V.update [as updateF] (panel.js:2:1852976)
    at Object.update (panel.js:2:2860302)
    at Te.computeSlot (panel.js:2:2868623)
    at ne (panel.js:2:2863117)
    at new Te (panel.js:2:2867823)
    at Te.applyTransaction (panel.js:2:2868592)
    at get state (panel.js:2:2864583)
    at bi.update (panel.js:2:3021000)
    at bi.dispatchTransactions (panel.js:2:3019704)
panel.js:2 Uncaught ReferenceError: cursorLine is not defined
    at Nt (panel.js:2:1844572)
    at V.update [as updateF] (panel.js:2:1852976)
    at Object.update (panel.js:2:2860302)
    at Te.computeSlot (panel.js:2:2868623)
    at ne (panel.js:2:2863117)
    at new Te (panel.js:2:2867823)
    at Te.applyTransaction (panel.js:2:2868592)
    at get state (panel.js:2:2864583)
    at bi.update (panel.js:2:3021000)
    at bi.dispatchTransactions (panel.js:2:3019704)
panel.js:2 Uncaught ReferenceError: cursorLine is not defined
    at Nt (panel.js:2:1844572)
    at V.update [as updateF] (panel.js:2:1852976)
    at Object.update (panel.js:2:2860302)
    at Te.computeSlot (panel.js:2:2868623)
    at ne (panel.js:2:2863117)
    at new Te (panel.js:2:2867823)
    at Te.applyTransaction (panel.js:2:2868592)
    at get state (panel.js:2:2864583)
    at bi.update (panel.js:2:3021000)
    at bi.dispatchTransactions (panel.js:2:3019704)
panel.js:2 Uncaught ReferenceError: cursorLine is not defined
    at Nt (panel.js:2:1844572)
    at V.update [as updateF] (panel.js:2:1852976)
    at Object.update (panel.js:2:2860302)
    at Te.computeSlot (panel.js:2:2868623)
    at ne (panel.js:2:2863117)
    at new Te (panel.js:2:2867823)
    at Te.applyTransaction (panel.js:2:2868592)
    at get state (panel.js:2:2864583)
    at bi.update (panel.js:2:3021000)
    at bi.dispatchTransactions (panel.js:2:3019704)
panel.js:2 Uncaught ReferenceError: cursorLine is not defined
    at Nt (panel.js:2:1844572)
    at V.update [as updateF] (panel.js:2:1852976)
    at Object.update (panel.js:2:2860302)
    at Te.computeSlot (panel.js:2:2868623)
    at ne (panel.js:2:2863117)
    at new Te (panel.js:2:2867823)
    at Te.applyTransaction (panel.js:2:2868592)
    at get state (panel.js:2:2864583)
    at bi.update (panel.js:2:3021000)
    at bi.dispatchTransactions (panel.js:2:3019704)
panel.js:2 ReferenceError: cursorLine is not defined
    at Nt (panel.js:2:1844572)
    at V.update [as updateF] (panel.js:2:1852976)
    at Object.update (panel.js:2:2860302)
    at Te.computeSlot (panel.js:2:2868623)
    at ne (panel.js:2:2863117)
    at new Te (panel.js:2:2867823)
    at Te.applyTransaction (panel.js:2:2868592)
    at get state (panel.js:2:2864583)
    at bi.update (panel.js:2:3021000)
    at bi.dispatchTransactions (panel.js:2:3019704)
je @ panel.js:2
panel.js:2 ReferenceError: cursorLine is not defined
    at Nt (panel.js:2:1844572)
    at V.update [as updateF] (panel.js:2:1852976)
    at Object.update (panel.js:2:2860302)
    at Te.computeSlot (panel.js:2:2868623)
    at ne (panel.js:2:2863117)
    at new Te (panel.js:2:2867823)
    at Te.applyTransaction (panel.js:2:2868592)
    at get state (panel.js:2:2864583)
    at bi.update (panel.js:2:3021000)
    at bi.dispatchTransactions (panel.js:2:3019704)
je @ panel.js:2
panel.js:2 Uncaught ReferenceError: cursorLine is not defined
    at Nt (panel.js:2:1844572)
    at V.update [as updateF] (panel.js:2:1852976)
    at Object.update (panel.js:2:2860302)
    at Te.computeSlot (panel.js:2:2868623)
    at ne (panel.js:2:2863117)
    at new Te (panel.js:2:2867823)
    at Te.applyTransaction (panel.js:2:2868592)
    at get state (panel.js:2:2864583)
    at bi.update (panel.js:2:3021000)
    at bi.dispatchTransactions (panel.js:2:3019704)
panel.js:2 ReferenceError: cursorLine is not defined
    at Nt (panel.js:2:1844572)
    at V.update [as updateF] (panel.js:2:1852976)
    at Object.update (panel.js:2:2860302)
    at Te.computeSlot (panel.js:2:2868623)
    at ne (panel.js:2:2863117)
    at new Te (panel.js:2:2867823)
    at Te.applyTransaction (panel.js:2:2868592)
    at get state (panel.js:2:2864583)
    at bi.update (panel.js:2:3021000)
    at bi.dispatchTransactions (panel.js:2:3019704)
je @ panel.js:2
panel.js:2 ReferenceError: cursorLine is not defined
    at Nt (panel.js:2:1844572)
    at V.update [as updateF] (panel.js:2:1852976)
    at Object.update (panel.js:2:2860302)
    at Te.computeSlot (panel.js:2:2868623)
    at ne (panel.js:2:2863117)
    at new Te (panel.js:2:2867823)
    at Te.applyTransaction (panel.js:2:2868592)
    at get state (panel.js:2:2864583)
    at bi.update (panel.js:2:3021000)
    at bi.dispatchTransactions (panel.js:2:3019704)
je @ panel.js:2
panel.js:2 ReferenceError: cursorLine is not defined
    at Nt (panel.js:2:1844572)
    at V.update [as updateF] (panel.js:2:1852976)
    at Object.update (panel.js:2:2860302)
    at Te.computeSlot (panel.js:2:2868623)
    at ne (panel.js:2:2863117)
    at new Te (panel.js:2:2867823)
    at Te.applyTransaction (panel.js:2:2868592)
    at get state (panel.js:2:2864583)
    at bi.update (panel.js:2:3021000)
    at bi.dispatchTransactions (panel.js:2:3019704)
je @ panel.js:2
panel.js:2 Uncaught ReferenceError: cursorLine is not defined
    at Nt (panel.js:2:1844572)
    at V.update [as updateF] (panel.js:2:1852976)
    at Object.update (panel.js:2:2860302)
    at Te.computeSlot (panel.js:2:2868623)
    at ne (panel.js:2:2863117)
    at new Te (panel.js:2:2867823)
    at Te.applyTransaction (panel.js:2:2868592)
    at get state (panel.js:2:2864583)
    at bi.update (panel.js:2:3021000)
    at bi.dispatchTransactions (panel.js:2:3019704)
panel.js:2 Uncaught ReferenceError: cursorLine is not defined
    at Nt (panel.js:2:1844572)
    at V.update [as updateF] (panel.js:2:1852976)
    at Object.update (panel.js:2:2860302)
    at Te.computeSlot (panel.js:2:2868623)
    at ne (panel.js:2:2863117)
    at new Te (panel.js:2:2867823)
    at Te.applyTransaction (panel.js:2:2868592)
    at get state (panel.js:2:2864583)
    at bi.update (panel.js:2:3021000)
    at bi.dispatchTransactions (panel.js:2:3019704)
panel.js:2 Uncaught ReferenceError: cursorLine is not defined
    at Nt (panel.js:2:1844572)
    at V.update [as updateF] (panel.js:2:1852976)
    at Object.update (panel.js:2:2860302)
    at Te.computeSlot (panel.js:2:2868623)
    at ne (panel.js:2:2863117)
    at new Te (panel.js:2:2867823)
    at Te.applyTransaction (panel.js:2:2868592)
    at get state (panel.js:2:2864583)
    at bi.update (panel.js:2:3021000)
    at bi.dispatchTransactions (panel.js:2:3019704)
panel.js:2 Uncaught ReferenceError: cursorLine is not defined
    at Nt (panel.js:2:1844572)
    at V.update [as updateF] (panel.js:2:1852976)
    at Object.update (panel.js:2:2860302)
    at Te.computeSlot (panel.js:2:2868623)
    at ne (panel.js:2:2863117)
    at new Te (panel.js:2:2867823)
    at Te.applyTransaction (panel.js:2:2868592)
    at get state (panel.js:2:2864583)
    at bi.update (panel.js:2:3021000)
    at bi.dispatchTransactions (panel.js:2:3019704)
panel.js:2 ReferenceError: cursorLine is not defined
    at Nt (panel.js:2:1844572)
    at V.update [as updateF] (panel.js:2:1852976)
    at Object.update (panel.js:2:2860302)
    at Te.computeSlot (panel.js:2:2868623)
    at ne (panel.js:2:2863117)
    at new Te (panel.js:2:2867823)
    at Te.applyTransaction (panel.js:2:2868592)
    at get state (panel.js:2:2864583)
    at bi.update (panel.js:2:3021000)
    at bi.dispatchTransactions (panel.js:2:3019704)
je @ panel.js:2
panel.js:2 Uncaught ReferenceError: cursorLine is not defined
    at Nt (panel.js:2:1844572)
    at V.update [as updateF] (panel.js:2:1852976)
    at Object.update (panel.js:2:2860302)
    at Te.computeSlot (panel.js:2:2868623)
    at ne (panel.js:2:2863117)
    at new Te (panel.js:2:2867823)
    at Te.applyTransaction (panel.js:2:2868592)
    at get state (panel.js:2:2864583)
    at bi.update (panel.js:2:3021000)
    at bi.dispatchTransactions (panel.js:2:3019704)
panel.js:2 Uncaught ReferenceError: cursorLine is not defined
    at Nt (panel.js:2:1844572)
    at V.update [as updateF] (panel.js:2:1852976)
    at Object.update (panel.js:2:2860302)
    at Te.computeSlot (panel.js:2:2868623)
    at ne (panel.js:2:2863117)
    at new Te (panel.js:2:2867823)
    at Te.applyTransaction (panel.js:2:2868592)
    at get state (panel.js:2:2864583)
    at bi.update (panel.js:2:3021000)
    at bi.dispatchTransactions (panel.js:2:3019704)
panel.js:2 Uncaught ReferenceError: cursorLine is not defined
    at Nt (panel.js:2:1844572)
    at V.update [as updateF] (panel.js:2:1852976)
    at Object.update (panel.js:2:2860302)
    at Te.computeSlot (panel.js:2:2868623)
    at ne (panel.js:2:2863117)
    at new Te (panel.js:2:2867823)
    at Te.applyTransaction (panel.js:2:2868592)
    at get state (panel.js:2:2864583)
    at bi.update (panel.js:2:3021000)
    at bi.dispatchTransactions (panel.js:2:3019704)
panel.js:2 Uncaught ReferenceError: cursorLine is not defined
    at Nt (panel.js:2:1844572)
    at V.update [as updateF] (panel.js:2:1852976)
    at Object.update (panel.js:2:2860302)
    at Te.computeSlot (panel.js:2:2868623)
    at ne (panel.js:2:2863117)
    at new Te (panel.js:2:2867823)
    at Te.applyTransaction (panel.js:2:2868592)
    at get state (panel.js:2:2864583)
    at bi.update (panel.js:2:3021000)
    at bi.dispatchTransactions (panel.js:2:3019704)
useHtmlLoader.ts:19 useHtmlLoader: message Object
